"C:/Users/Maksimov/Documents/Unreal Projects/MyProject9/Content/Assets/Materials/Texture/Grid.uasset" 0
"C:/Users/Maksimov/Documents/Unreal Projects/MyProject9/Content/Assets/Materials/Master/MM_Character.uasset" 1
"C:/Users/Maksimov/Documents/Unreal Projects/MyProject9/Content/Assets/Characters/Ethan/Textures/Bita_Baseball_BaseColor.uasset" 2
"C:/Users/Maksimov/Documents/Unreal Projects/MyProject9/Content/Assets/Characters/Ethan/Materials/MI_TmpBat.uasset" 3
"C:/Users/Maksimov/Documents/Unreal Projects/MyProject9/Content/Assets/Characters/Ethan/Weapons/Bita.uasset" 4
"C:/Users/Maksimov/Documents/Unreal Projects/MyProject9/Content/Assets/Characters/Ethan/Bita.uasset" 5
"C:/Users/Maksimov/Documents/Unreal Projects/MyProject9/Content/Assets/Characters/Ethan/Bita_Baseball_BaseColor.uasset" 6
"C:/Users/Maksimov/Documents/Unreal Projects/MyProject9/Content/Assets/Characters/Ethan/Textures/Gala_gun_mesh_image_BaseColor.uasset" 7
"C:/Users/Maksimov/Documents/Unreal Projects/MyProject9/Content/Assets/Characters/Ethan/Materials/MI_TmpBat1.uasset" 8
"C:/Users/Maksimov/Documents/Unreal Projects/MyProject9/Content/Assets/Characters/Ethan/Weapons/Gala_gun_mesh.uasset" 9
"C:/Users/Maksimov/Documents/Unreal Projects/MyProject9/Content/Assets/Characters/Ethan/Gala_gun_mesh.uasset" 10
"../../../Engine/Content/Animation/DefaultAnimCurveCompressionSettings.uasset" 11
"C:/Users/Maksimov/Documents/Unreal Projects/MyProject9/Content/Assets/Characters/Ethan/Cuerpo_rig_Skeleton.uasset" 12
"../../../Engine/Content/Animation/DefaultAnimBoneCompressionSettings.uasset" 13
"C:/Users/Maksimov/Documents/Unreal Projects/MyProject9/Content/Assets/Characters/Ethan/Animations/Ethan_Idle1.uasset" 14
"C:/Users/Maksimov/Documents/Unreal Projects/MyProject9/Content/Assets/Characters/Ethan/Animations/Ethan_Idle_AIM.uasset" 15
"C:/Users/Maksimov/Documents/Unreal Projects/MyProject9/Content/Assets/Characters/Ethan/Animations/Ethan_Idle_AIM_Montage.uasset" 16
"C:/Users/Maksimov/Documents/Unreal Projects/MyProject9/Content/Assets/Characters/Ethan/Animations/Ethan_Step_Render.uasset" 17
"C:/Users/Maksimov/Documents/Unreal Projects/MyProject9/Content/Assets/Characters/Ethan/Textures/2a8122fe4f9049bb.uasset" 18
"C:/Users/Maksimov/Documents/Unreal Projects/MyProject9/Content/Assets/Characters/Ethan/Materials/E_Bat.uasset" 19
"../../../Engine/Content/EngineMeshes/Humanoid.uasset" 20
"C:/Users/Maksimov/Documents/Unreal Projects/MyProject9/Content/Assets/Characters/Henry/Rig1_Skeleton.uasset" 21
"C:/Users/Maksimov/Documents/Unreal Projects/MyProject9/Content/Assets/Characters/Henry/Rig1_PhysicsAsset.uasset" 22
"C:/Users/Maksimov/Documents/Unreal Projects/MyProject9/Content/Assets/Characters/Henry/Texture/Rig1_shoes.uasset" 23
"C:/Users/Maksimov/Documents/Unreal Projects/MyProject9/Content/Assets/Characters/Henry/Materials/Shoes.uasset" 24
"C:/Users/Maksimov/Documents/Unreal Projects/MyProject9/Content/Assets/Characters/Henry/Texture/Rig_outerwear3.uasset" 25
"C:/Users/Maksimov/Documents/Unreal Projects/MyProject9/Content/Assets/Characters/Henry/Materials/Outwear_02.uasset" 26
"C:/Users/Maksimov/Documents/Unreal Projects/MyProject9/Content/Assets/Characters/Henry/Texture/Rig1_Outerwear.uasset" 27
"C:/Users/Maksimov/Documents/Unreal Projects/MyProject9/Content/Assets/Characters/Henry/Materials/Outwear_01.uasset" 28
"C:/Users/Maksimov/Documents/Unreal Projects/MyProject9/Content/Assets/Characters/Henry/Texture/Rig1_jeans.uasset" 29
"C:/Users/Maksimov/Documents/Unreal Projects/MyProject9/Content/Assets/Characters/Henry/Materials/Jeans.uasset" 30
"C:/Users/Maksimov/Documents/Unreal Projects/MyProject9/Content/Assets/Characters/Henry/Texture/Rig1_Face_tex.uasset" 31
"C:/Users/Maksimov/Documents/Unreal Projects/MyProject9/Content/Assets/Characters/Henry/Materials/H_Face.uasset" 32
"C:/Users/Maksimov/Documents/Unreal Projects/MyProject9/Content/Assets/Materials/Master/MM_CharacterColor.uasset" 33
"C:/Users/Maksimov/Documents/Unreal Projects/MyProject9/Content/Assets/Characters/Henry/Materials/H_Body.uasset" 34
"C:/Users/Maksimov/Documents/Unreal Projects/MyProject9/Content/Assets/Characters/Henry/Rig1.uasset" 35
"C:/Users/Maksimov/Documents/Unreal Projects/MyProject9/Content/Assets/Characters/Henry/Animation/Henry_Idle_01.uasset" 36
"C:/Users/Maksimov/Documents/Unreal Projects/MyProject9/Content/Assets/Characters/Henry/Animation/Henry_Run_01.uasset" 37
"C:/Users/Maksimov/Documents/Unreal Projects/MyProject9/Content/Assets/Characters/Henry/Animation/Idle_Run.uasset" 38
"C:/Users/Maksimov/Documents/Unreal Projects/MyProject9/Content/Assets/Characters/Henry/Animation/Henry_StartJump_01.uasset" 39
"C:/Users/Maksimov/Documents/Unreal Projects/MyProject9/Content/Assets/Characters/Henry/Animation/Henry_LoopJump_01.uasset" 40
"C:/Users/Maksimov/Documents/Unreal Projects/MyProject9/Content/Assets/Characters/Henry/Animation/Henry_EndJump_01.uasset" 41
"../../../Engine/Content/EditorBlueprintResources/StandardMacros.uasset" 42
"C:/Users/Maksimov/Documents/Unreal Projects/MyProject9/Content/Assets/Characters/Henry/Animation/AnimBP_Henry.uasset" 43
"C:/Users/Maksimov/Documents/Unreal Projects/MyProject9/Content/Assets/Characters/Ethan/Materials/E_Face.uasset" 44
"C:/Users/Maksimov/Documents/Unreal Projects/MyProject9/Content/Assets/Characters/Henry/Materials/Face.uasset" 45
"C:/Users/Maksimov/Documents/Unreal Projects/MyProject9/Content/Assets/Characters/Ethan/Materials/MI_Body.uasset" 46
"C:/Users/Maksimov/Documents/Unreal Projects/MyProject9/Content/Assets/Characters/Henry/Materials/MM_Hand.uasset" 47
"C:/Users/Maksimov/Documents/Unreal Projects/MyProject9/Content/Assets/Characters/Henry/Texture/Rig1_Outerwear2.uasset" 48
"C:/Users/Maksimov/Documents/Unreal Projects/MyProject9/Content/Assets/Characters/Steve/Steve_Skeleton.uasset" 49
"C:/Users/Maksimov/Documents/Unreal Projects/MyProject9/Content/Assets/Characters/Steve/Steve_PhysicsAsset.uasset" 50
"C:/Users/Maksimov/Documents/Unreal Projects/MyProject9/Content/Assets/Characters/Steve/Material/Texture/7e420caf0543366e.uasset" 51
"C:/Users/Maksimov/Documents/Unreal Projects/MyProject9/Content/Assets/Characters/Steve/Material/Steve_11.uasset" 52
"C:/Users/Maksimov/Documents/Unreal Projects/MyProject9/Content/Assets/Characters/Steve/Material/Steve_10.uasset" 53
"C:/Users/Maksimov/Documents/Unreal Projects/MyProject9/Content/Assets/Characters/Steve/Material/Steve_09.uasset" 54
"C:/Users/Maksimov/Documents/Unreal Projects/MyProject9/Content/Assets/Characters/Steve/Material/Steve_08.uasset" 55
"C:/Users/Maksimov/Documents/Unreal Projects/MyProject9/Content/Assets/Characters/Steve/Material/Steve_07.uasset" 56
"C:/Users/Maksimov/Documents/Unreal Projects/MyProject9/Content/Assets/Characters/Steve/Material/Steve_06.uasset" 57
"C:/Users/Maksimov/Documents/Unreal Projects/MyProject9/Content/Assets/Characters/Steve/Material/Texture/33115b666dd583a8.uasset" 58
"C:/Users/Maksimov/Documents/Unreal Projects/MyProject9/Content/Assets/Characters/Steve/Material/Steve_05.uasset" 59
"C:/Users/Maksimov/Documents/Unreal Projects/MyProject9/Content/Assets/Characters/Steve/Material/Texture/6f0a7c362ab632d6.uasset" 60
"C:/Users/Maksimov/Documents/Unreal Projects/MyProject9/Content/Assets/Characters/Steve/Material/Steve_04.uasset" 61
"C:/Users/Maksimov/Documents/Unreal Projects/MyProject9/Content/Assets/Characters/Steve/Material/Texture/001.uasset" 62
"C:/Users/Maksimov/Documents/Unreal Projects/MyProject9/Content/Assets/Characters/Steve/Material/Steve_03.uasset" 63
"C:/Users/Maksimov/Documents/Unreal Projects/MyProject9/Content/Assets/Characters/Steve/Material/Texture/46b0b4d7f56fc1f0.uasset" 64
"C:/Users/Maksimov/Documents/Unreal Projects/MyProject9/Content/Assets/Characters/Steve/Material/Steve_02.uasset" 65
"C:/Users/Maksimov/Documents/Unreal Projects/MyProject9/Content/Assets/Characters/Steve/Material/Texture/08e1f075cfb01975.uasset" 66
"C:/Users/Maksimov/Documents/Unreal Projects/MyProject9/Content/Assets/Characters/Steve/Material/Steve_01.uasset" 67
"C:/Users/Maksimov/Documents/Unreal Projects/MyProject9/Content/Assets/Characters/Steve/Steve.uasset" 68
"../../../Engine/Content/EngineMaterials/T_Default_Material_Grid_N.uasset" 69
"../../../Engine/Content/EngineMaterials/T_Default_Material_Grid_M.uasset" 70
"../../../Engine/Content/Functions/Engine_MaterialFunctions01/Opacity/CameraDepthFade.uasset" 71
"../../../Engine/Content/EngineMaterials/WorldGridMaterial.uasset" 72
"C:/Users/Maksimov/Documents/Unreal Projects/MyProject9/Content/Assets/FX/Mesh/TestShar.uasset" 73
"C:/Users/Maksimov/Documents/Unreal Projects/MyProject9/Content/Assets/FX/Texture/render_shader-nodes_textures_voronoi_smoothness-distance-zero.uasset" 74
"../../../Engine/Content/Functions/Engine_MaterialFunctions01/Gradient/LinearGradient.uasset" 75
"C:/Users/Maksimov/Documents/Unreal Projects/MyProject9/Content/Assets/FX/Material/MM_Aura.uasset" 76
"C:/Users/Maksimov/Documents/Unreal Projects/MyProject9/Content/Assets/FX/Material/MM_Aura_Inst.uasset" 77
"../../../Engine/Content/Functions/Engine_MaterialFunctions01/Density/ExponentialDensity.uasset" 78
"../../../Engine/Content/Functions/Engine_MaterialFunctions01/Gradient/RadialGradientExponential.uasset" 79
"C:/Users/Maksimov/Documents/Unreal Projects/MyProject9/Content/Assets/FX/Material/MM_dot.uasset" 80
"C:/Users/Maksimov/Documents/Unreal Projects/MyProject9/Content/Assets/FX/PS_Firework.uasset" 81
"C:/Users/Maksimov/Documents/Unreal Projects/MyProject9/Content/Assets/Materials/Master/BlackMask.uasset" 82
"C:/Users/Maksimov/Documents/Unreal Projects/MyProject9/Content/Assets/Materials/BlackMask.uasset" 83
"C:/Users/Maksimov/Documents/Unreal Projects/MyProject9/Content/Assets/Materials/Master_Sphere.uasset" 84
"C:/Users/Maksimov/Documents/Unreal Projects/MyProject9/Content/Assets/Materials/Master_Sphere_Inst.uasset" 85
"C:/Users/Maksimov/Documents/Unreal Projects/MyProject9/Content/Assets/Materials/Master/MM_CustomDepth.uasset" 86
"C:/Users/Maksimov/Documents/Unreal Projects/MyProject9/Content/Assets/Materials/Tmp/MI_CustomDepth.uasset" 87
"C:/Users/Maksimov/Documents/Unreal Projects/MyProject9/Content/Assets/Materials/MI_CustomDepth.uasset" 88
"C:/Users/Maksimov/Documents/Unreal Projects/MyProject9/Content/Assets/Materials/Master/Master_GridMaterial.uasset" 89
"C:/Users/Maksimov/Documents/Unreal Projects/MyProject9/Content/Assets/Materials/Tmp/MI_GridPurple.uasset" 90
"C:/Users/Maksimov/Documents/Unreal Projects/MyProject9/Content/Assets/Materials/MI_GridPurple.uasset" 91
"C:/Users/Maksimov/Documents/Unreal Projects/MyProject9/Content/Assets/Materials/Tmp/MI_GridRed.uasset" 92
"C:/Users/Maksimov/Documents/Unreal Projects/MyProject9/Content/Assets/Materials/MI_GridRed.uasset" 93
"C:/Users/Maksimov/Documents/Unreal Projects/MyProject9/Content/Assets/Materials/Tmp/MI_GridYelow.uasset" 94
"C:/Users/Maksimov/Documents/Unreal Projects/MyProject9/Content/Assets/Materials/MI_GridYelow.uasset" 95
"C:/Users/Maksimov/Documents/Unreal Projects/MyProject9/Content/Assets/Materials/MM_CharacterColor_Inst2.uasset" 96
"C:/Users/Maksimov/Documents/Unreal Projects/MyProject9/Content/Assets/Textures/Globus_DefaultMaterial_BaseColor.uasset" 97
"C:/Users/Maksimov/Documents/Unreal Projects/MyProject9/Content/Assets/Materials/MI_Globus.uasset" 98
"C:/Users/Maksimov/Documents/Unreal Projects/MyProject9/Content/Assets/Materials/MM_Character_Inst.uasset" 99
"C:/Users/Maksimov/Documents/Unreal Projects/MyProject9/Content/Assets/Materials/Tmp/MM_Grid.uasset" 100
"C:/Users/Maksimov/Documents/Unreal Projects/MyProject9/Content/Assets/Materials/MM_Grid.uasset" 101
"C:/Users/Maksimov/Documents/Unreal Projects/MyProject9/Content/Assets/Materials/Master/MM_BG.uasset" 102
"../../../Engine/Content/Functions/Engine_MaterialFunctions01/WorldPositionOffset/SimpleGrassWind.uasset" 103
"C:/Users/Maksimov/Documents/Unreal Projects/MyProject9/Content/Assets/Materials/Master/MM_Foliage.uasset" 104
"C:/Users/Maksimov/Documents/Unreal Projects/MyProject9/Content/Assets/Materials/Master/MM_S.uasset" 105
"C:/Users/Maksimov/Documents/Unreal Projects/MyProject9/Content/Assets/Materials/Texture/Battle_widget_Cross.uasset" 106
"C:/Users/Maksimov/Documents/Unreal Projects/MyProject9/Content/Assets/Materials/Tmp/Enemy_Selected.uasset" 107
"C:/Users/Maksimov/Documents/Unreal Projects/MyProject9/Content/Assets/Materials/Tmp/Enemy_Unselected.uasset" 108
"C:/Users/Maksimov/Documents/Unreal Projects/MyProject9/Content/Assets/Materials/Tmp/Hero_Selected.uasset" 109
"C:/Users/Maksimov/Documents/Unreal Projects/MyProject9/Content/Assets/Materials/Tmp/Hero_Unselected.uasset" 110
"C:/Users/Maksimov/Documents/Unreal Projects/MyProject9/Content/Assets/Textures/imgonline-com-ua-Texture-seamless-Zpqj2qU3CZvPyDBS.uasset" 111
"C:/Users/Maksimov/Documents/Unreal Projects/MyProject9/Content/Assets/Materials/Master/defaultMat.uasset" 112
"C:/Users/Maksimov/Documents/Unreal Projects/MyProject9/Content/Assets/Materials/Tmp/MI_Battlefield.uasset" 113
"C:/Users/Maksimov/Documents/Unreal Projects/MyProject9/Content/Assets/Materials/Tmp/MI_GridGreen.uasset" 114
"C:/Users/Maksimov/Documents/Unreal Projects/MyProject9/Content/Assets/Materials/Tmp/MI_GridGrey.uasset" 115
"C:/Users/Maksimov/Documents/Unreal Projects/MyProject9/Content/Assets/Textures/Chair_DefaultMaterial_BaseColor.uasset" 116
"C:/Users/Maksimov/Documents/Unreal Projects/MyProject9/Content/Assets/Materials/MI_Chair.uasset" 117
"C:/Users/Maksimov/Documents/Unreal Projects/MyProject9/Content/Assets/Models/Chair.uasset" 118
"C:/Users/Maksimov/Documents/Unreal Projects/MyProject9/Content/Assets/Textures/ClassTable_DefaultMaterial_BaseColor.uasset" 119
"C:/Users/Maksimov/Documents/Unreal Projects/MyProject9/Content/Assets/Materials/MI_ClassTable.uasset" 120
"C:/Users/Maksimov/Documents/Unreal Projects/MyProject9/Content/Assets/Models/ClassTable.uasset" 121
"C:/Users/Maksimov/Documents/Unreal Projects/MyProject9/Content/Assets/Characters/Gnom/Texture/dd4ca412faa747d0.uasset" 122
"C:/Users/Maksimov/Documents/Unreal Projects/MyProject9/Content/Assets/Characters/Gnom/Materials/G_Outweare.uasset" 123
"C:/Users/Maksimov/Documents/Unreal Projects/MyProject9/Content/Assets/Characters/Gnom/Texture/jeans.uasset" 124
"C:/Users/Maksimov/Documents/Unreal Projects/MyProject9/Content/Assets/Characters/Gnom/Materials/G_Jeans.uasset" 125
"C:/Users/Maksimov/Documents/Unreal Projects/MyProject9/Content/Assets/Characters/Gnom/Texture/Gnom.uasset" 126
"C:/Users/Maksimov/Documents/Unreal Projects/MyProject9/Content/Assets/Characters/Gnom/Materials/G_Hat.uasset" 127
"C:/Users/Maksimov/Documents/Unreal Projects/MyProject9/Content/Assets/Characters/Gnom/Texture/8651d66f8ce25400.uasset" 128
"C:/Users/Maksimov/Documents/Unreal Projects/MyProject9/Content/Assets/Characters/Gnom/Materials/G_Beard.uasset" 129
"C:/Users/Maksimov/Documents/Unreal Projects/MyProject9/Content/Assets/Characters/Gnom/Texture/001.uasset" 130
"C:/Users/Maksimov/Documents/Unreal Projects/MyProject9/Content/Assets/Characters/Gnom/Materials/Face.uasset" 131
"C:/Users/Maksimov/Documents/Unreal Projects/MyProject9/Content/Assets/Characters/Gnom/Destraction/DestractMesh.uasset" 132
"C:/Users/Maksimov/Documents/Unreal Projects/MyProject9/Content/Assets/Models/DestractMesh.uasset" 133
"C:/Users/Maksimov/Documents/Unreal Projects/MyProject9/Content/Assets/Characters/Gnom/Destraction/DestractMesh_DM_01.uasset" 134
"C:/Users/Maksimov/Documents/Unreal Projects/MyProject9/Content/Assets/Models/DestractMesh_DM.uasset" 135
"C:/Users/Maksimov/Documents/Unreal Projects/MyProject9/Content/Assets/Textures/Skam_DefaultMaterial_BaseColor.uasset" 136
"C:/Users/Maksimov/Documents/Unreal Projects/MyProject9/Content/Assets/Materials/MI_Skam.uasset" 137
"C:/Users/Maksimov/Documents/Unreal Projects/MyProject9/Content/Assets/Models/Skam.uasset" 138
"C:/Users/Maksimov/Documents/Unreal Projects/MyProject9/Content/Assets/Textures/Table_DefaultMaterial_BaseColor.uasset" 139
"C:/Users/Maksimov/Documents/Unreal Projects/MyProject9/Content/Assets/Materials/MI_Table.uasset" 140
"C:/Users/Maksimov/Documents/Unreal Projects/MyProject9/Content/Assets/Models/Table.uasset" 141
"C:/Users/Maksimov/Documents/Unreal Projects/MyProject9/Content/Assets/Models/Tmp/BattleField_Model.uasset" 142
"C:/Users/Maksimov/Documents/Unreal Projects/MyProject9/Content/Assets/Sound_FX/PickUp/608431_plasterbrain_shiny-coin-pickup__mp3cut_net_.uasset" 143
"C:/Users/Maksimov/Documents/Unreal Projects/MyProject9/Content/Assets/Sound_FX/PickUp/PickUp_Sound.uasset" 144
"C:/Users/Maksimov/Documents/Unreal Projects/MyProject9/Content/Assets/Textures/Mountain_02.uasset" 145
"C:/Users/Maksimov/Documents/Unreal Projects/MyProject9/Content/Assets/Textures/Mountain_03.uasset" 146
"C:/Users/Maksimov/Documents/Unreal Projects/MyProject9/Content/Assets/Textures/Blood/Blood_01.uasset" 147
"C:/Users/Maksimov/Documents/Unreal Projects/MyProject9/Content/Assets/Textures/Blood/Blood_02.uasset" 148
"C:/Users/Maksimov/Documents/Unreal Projects/MyProject9/Content/Assets/Textures/Blood/Blood_03.uasset" 149
"C:/Users/Maksimov/Documents/Unreal Projects/MyProject9/Content/Assets/Textures/Blood/Blood_04.uasset" 150
"C:/Users/Maksimov/Documents/Unreal Projects/MyProject9/Content/Assets/Textures/Blood/Blood_05.uasset" 151
"C:/Users/Maksimov/Documents/Unreal Projects/MyProject9/Content/Assets/Textures/Blood/Blood_06.uasset" 152
"C:/Users/Maksimov/Documents/Unreal Projects/MyProject9/Content/Assets/Textures/Blood/Blood_07.uasset" 153
"C:/Users/Maksimov/Documents/Unreal Projects/MyProject9/Content/Blueprint/Pawns/Hit_Component_Owner.uasset" 154
"C:/Users/Maksimov/Documents/Unreal Projects/MyProject9/Content/Blueprint/HitShake.uasset" 155
"C:/Users/Maksimov/Documents/Unreal Projects/MyProject9/Content/Assets/Textures/Blood/Master_BloodDecal.uasset" 156
"C:/Users/Maksimov/Documents/Unreal Projects/MyProject9/Content/Assets/Textures/Blood/MI_D_Blood_01.uasset" 157
"../../Plugins/FX/Niagara/Content/Enums/ENiagaraSystemInactiveMode.uasset" 158
"../../Plugins/FX/Niagara/Content/Enums/ENiagaraScaleColorMode.uasset" 159
"../../Plugins/FX/Niagara/Content/Enums/ENiagaraRandomnessMode.uasset" 160
"../../Plugins/FX/Niagara/Content/Enums/ENiagaraRandomnessEvaluation.uasset" 161
"../../Plugins/FX/Niagara/Content/Enums/ENiagaraInactiveMode.uasset" 162
"../../Plugins/FX/Niagara/Content/Enums/ENiagaraEmitterScalabilityMode_Limited.uasset" 163
"../../Plugins/FX/Niagara/Content/Enums/ENiagaraEmitterLifeCycleMode.uasset" 164
"../../Plugins/FX/Niagara/Content/Enums/ENiagaraCoordinateSpace.uasset" 165
"../../Plugins/FX/Niagara/Content/Enums/ENiagaraChannelCorrelation.uasset" 166
"../../Plugins/FX/Niagara/Content/Enums/ENiagara_UVFlippingMode.uasset" 167
"../../Plugins/FX/Niagara/Content/Enums/ENiagara_SpriteRotationMode.uasset" 168
"../../Plugins/FX/Niagara/Content/Enums/ENiagara_SizeScaleMode.uasset" 169
"../../Plugins/FX/Niagara/Content/Enums/ENiagara_PositionInitializationMode.uasset" 170
"../../Plugins/FX/Niagara/Content/Enums/ENiagara_MassInitializationMode.uasset" 171
"../../Plugins/FX/Niagara/Content/Enums/ENiagara_LifetimeMode.uasset" 172
"../../Plugins/FX/Niagara/Content/Enums/ENiagara_InfiniteLoopDuration.uasset" 173
"../../Plugins/FX/Niagara/Content/Enums/ENiagara_ColorInitializationMode.uasset" 174
"../../Plugins/FX/Niagara/Content/Modules/Update/Size/ScaleSpriteSize.uasset" 175
"../../Plugins/FX/Niagara/Content/Modules/Update/Orientation/SpriteRotationRate.uasset" 176
"../../Plugins/FX/Niagara/Content/Modules/Update/Lifetime/ParticleState.uasset" 177
"../../Plugins/FX/Niagara/Content/Functions/Localspace/TransformBase.uasset" 178
"../../Plugins/FX/Niagara/Content/Functions/Localspace/TransformVector.uasset" 179
"../../Plugins/FX/Niagara/Content/Modules/Update/Forces/GravityForce.uasset" 180
"../../Plugins/FX/Niagara/Content/Modules/Update/Forces/Drag.uasset" 181
"../../Plugins/FX/Niagara/Content/Modules/Update/Color/ScaleColor.uasset" 182
"../../Plugins/FX/Niagara/Content/Functions/System/SystemChangeState.uasset" 183
"../../Plugins/FX/Niagara/Content/Enums/ENiagara_EmitterStateOptions.uasset" 184
"../../Plugins/FX/Niagara/Content/Modules/System/SystemState.uasset" 185
"../../Plugins/FX/Niagara/Content/Functions/GetRandomInfo.uasset" 186
"../../Plugins/FX/Niagara/Content/Functions/RandomRangeFloat.uasset" 187
"../../Plugins/FX/Niagara/Content/Functions/RandomUnitVector.uasset" 188
"../../Plugins/FX/Niagara/Content/Functions/RandomVector.uasset" 189
"../../Plugins/FX/Niagara/Content/Functions/DirectionAndLengthSafe.uasset" 190
"../../Plugins/FX/Niagara/Content/Functions/NormalizeDistanceRange.uasset" 191
"../../Plugins/FX/Niagara/Content/Functions/DistanceBasedFalloff.uasset" 192
"../../Plugins/FX/Niagara/Content/Functions/Localspace/SimulationPosition.uasset" 193
"../../Plugins/FX/Niagara/Content/Modules/Spawn/Velocity/AddVelocityFromPoint.uasset" 194
"../../Plugins/FX/Niagara/Content/Functions/V2/CalculateRandomRange.uasset" 195
"../../Plugins/FX/Niagara/Content/Functions/V2/CalculateRandomRangeFloat.uasset" 196
"../../Plugins/FX/Niagara/Content/Functions/V2/CalculateRandomRangeInteger.uasset" 197
"../../Plugins/FX/Niagara/Content/Functions/V2/CalculateRandomBool.uasset" 198
"../../Plugins/FX/Niagara/Content/Functions/LinearColor/HueShiftLinearColor.uasset" 199
"../../Plugins/FX/Niagara/Content/Modules/Spawn/Initialization/V2/InitializeParticle.uasset" 200
"../../Plugins/FX/Niagara/Content/Modules/Solvers/SolveForcesAndVelocity.uasset" 201
"../../Plugins/FX/Niagara/Content/Modules/Emitter/SpawnBurst_Instantaneous.uasset" 202
"../../Plugins/FX/Niagara/Content/Functions/Emitter/EmitterChangeState.uasset" 203
"../../Plugins/FX/Niagara/Content/Enums/ENiagaraExecutionStateManagement.uasset" 204
"../../Plugins/FX/Niagara/Content/Modules/Emitter/EmitterState.uasset" 205
"../../Plugins/FX/Niagara/Content/DynamicInputs/ValueFromCurve/FloatFromCurve.uasset" 206
"../../Plugins/FX/Niagara/Content/DynamicInputs/UniformRange/V2/RandomRangeFloat.uasset" 207
"../../Plugins/FX/Niagara/Content/DynamicInputs/TypeConversions/Vector2DFromFloat.uasset" 208
"../../Plugins/FX/Niagara/Content/DefaultAssets/DefaultSpriteMaterial.uasset" 209
"C:/Users/Maksimov/Documents/Unreal Projects/MyProject9/Content/Textures/T_Burst022.uasset" 210
"C:/Users/Maksimov/Documents/Unreal Projects/MyProject9/Content/Materials/M_impact3.uasset" 211
"C:/Users/Maksimov/Documents/Unreal Projects/MyProject9/Content/Textures/T_Ring005.uasset" 212
"C:/Users/Maksimov/Documents/Unreal Projects/MyProject9/Content/Materials/M_impact2.uasset" 213
"C:/Users/Maksimov/Documents/Unreal Projects/MyProject9/Content/Textures/T_StarFlare005.uasset" 214
"C:/Users/Maksimov/Documents/Unreal Projects/MyProject9/Content/Materials/M_impact1.uasset" 215
"C:/Users/Maksimov/Documents/Unreal Projects/MyProject9/Content/Textures/T_Burst002.uasset" 216
"C:/Users/Maksimov/Documents/Unreal Projects/MyProject9/Content/Materials/M_impact.uasset" 217
"C:/Users/Maksimov/Documents/Unreal Projects/MyProject9/Content/Assets/FX/Niagara_FX/FX_hit_impact.uasset" 218
"../../../Engine/Content/Functions/Engine_MaterialFunctions01/Gradient/SphereGradient-2D.uasset" 219
"C:/Users/Maksimov/Documents/Unreal Projects/MyProject9/Content/Assets/Materials/Master/Master_Dot.uasset" 220
"C:/Users/Maksimov/Documents/Unreal Projects/MyProject9/Content/Assets/FX/BloodSplash.uasset" 221
"C:/Users/Maksimov/Documents/Unreal Projects/MyProject9/Content/Blueprint/Pawns/HitComponent.uasset" 222
"C:/Users/Maksimov/Documents/Unreal Projects/MyProject9/Content/Blueprint/HitComponent.uasset" 223
"C:/Users/Maksimov/Documents/Unreal Projects/MyProject9/Content/Blueprint/Interface/Drag_State.uasset" 224
"C:/Users/Maksimov/Documents/Unreal Projects/MyProject9/Content/Geometry/Meshes/CubeMaterial.uasset" 225
"C:/Users/Maksimov/Documents/Unreal Projects/MyProject9/Content/Geometry/Meshes/TemplateFloor.uasset" 226
"C:/Users/Maksimov/Documents/Unreal Projects/MyProject9/Content/GoodSky/Source/Textures/T_GoodSky_noise_smooth.uasset" 227
"C:/Users/Maksimov/Documents/Unreal Projects/MyProject9/Content/GoodSky/Source/Materials/Material_Function/MF_GoodSky_LightningFlick.uasset" 228
"C:/Users/Maksimov/Documents/Unreal Projects/MyProject9/Content/GoodSky/Source/Materials/Light_Function/M_GoodSky_StormLightning_LightFunction.uasset" 229
"C:/Users/Maksimov/Documents/Unreal Projects/MyProject9/Content/Mannequin/Character/Mesh/UE4_Mannequin_Skeleton.uasset" 230
"C:/Users/Maksimov/Documents/Unreal Projects/MyProject9/Content/Mannequin/Animations/ThirdPersonJump_End.uasset" 231
"C:/Users/Maksimov/Documents/Unreal Projects/MyProject9/Content/Mannequin/Animations/ThirdPersonWalk.uasset" 232
"C:/Users/Maksimov/Documents/Unreal Projects/MyProject9/Content/Mannequin/Animations/ThirdPersonRun.uasset" 233
"C:/Users/Maksimov/Documents/Unreal Projects/MyProject9/Content/Mannequin/Animations/ThirdPersonIdle.uasset" 234
"C:/Users/Maksimov/Documents/Unreal Projects/MyProject9/Content/Mannequin/Animations/ThirdPerson_IdleRun_2D.uasset" 235
"C:/Users/Maksimov/Documents/Unreal Projects/MyProject9/Content/Mannequin/Animations/ThirdPerson_Jump.uasset" 236
"C:/Users/Maksimov/Documents/Unreal Projects/MyProject9/Content/Mannequin/Animations/ThirdPersonJump_Start.uasset" 237
"C:/Users/Maksimov/Documents/Unreal Projects/MyProject9/Content/Mannequin/Animations/ThirdPersonJump_Loop.uasset" 238
"C:/Users/Maksimov/Documents/Unreal Projects/MyProject9/Content/Mannequin/Animations/ThirdPerson_AnimBP.uasset" 239
"C:/Users/Maksimov/Documents/Unreal Projects/MyProject9/Content/Mannequin/Character/Mesh/SK_Mannequin_PhysicsAsset.uasset" 240
"C:/Users/Maksimov/Documents/Unreal Projects/MyProject9/Content/Mannequin/Character/Textures/T_UE4Logo_N.uasset" 241
"C:/Users/Maksimov/Documents/Unreal Projects/MyProject9/Content/Mannequin/Character/Textures/T_UE4Logo_Mask.uasset" 242
"C:/Users/Maksimov/Documents/Unreal Projects/MyProject9/Content/Mannequin/Character/Textures/T_Male_N.uasset" 243
"C:/Users/Maksimov/Documents/Unreal Projects/MyProject9/Content/Mannequin/Character/Textures/T_Male_Mask.uasset" 244
"C:/Users/Maksimov/Documents/Unreal Projects/MyProject9/Content/Mannequin/Character/Materials/MaterialLayers/T_ML_Rubber_Blue_01_N.uasset" 245
"C:/Users/Maksimov/Documents/Unreal Projects/MyProject9/Content/Mannequin/Character/Materials/MaterialLayers/T_ML_Rubber_Blue_01_D.uasset" 246
"C:/Users/Maksimov/Documents/Unreal Projects/MyProject9/Content/Mannequin/Character/Materials/MaterialLayers/T_ML_Aluminum01_N.uasset" 247
"C:/Users/Maksimov/Documents/Unreal Projects/MyProject9/Content/Mannequin/Character/Materials/MaterialLayers/T_ML_Aluminum01.uasset" 248
"C:/Users/Maksimov/Documents/Unreal Projects/MyProject9/Content/Mannequin/Character/Materials/MaterialLayers/ML_SoftMetal_UE4.uasset" 249
"C:/Users/Maksimov/Documents/Unreal Projects/MyProject9/Content/Mannequin/Character/Materials/MaterialLayers/ML_Plastic_Shiny_Beige_LOGO.uasset" 250
"C:/Users/Maksimov/Documents/Unreal Projects/MyProject9/Content/Mannequin/Character/Materials/MaterialLayers/ML_Plastic_Shiny_Beige.uasset" 251
"C:/Users/Maksimov/Documents/Unreal Projects/MyProject9/Content/Mannequin/Character/Materials/MaterialLayers/ML_GlossyBlack_Latex_UE4.uasset" 252
"../../../Engine/Content/Functions/MaterialLayerFunctions/MatLayerBlend_Simple.uasset" 253
"../../../Engine/Content/Functions/Engine_MaterialFunctions02/Utility/BlendAngleCorrectedNormals.uasset" 254
"../../../Engine/Content/Functions/MaterialLayerFunctions/MatLayerBlend_NormalBlend.uasset" 255
"C:/Users/Maksimov/Documents/Unreal Projects/MyProject9/Content/Mannequin/Character/Materials/M_Male_Body.uasset" 256
"C:/Users/Maksimov/Documents/Unreal Projects/MyProject9/Content/Mannequin/Character/Materials/M_UE4Man_ChestLogo.uasset" 257
"C:/Users/Maksimov/Documents/Unreal Projects/MyProject9/Content/Mannequin/Character/Mesh/SK_Mannequin.uasset" 258
"C:/Users/Maksimov/Documents/Unreal Projects/MyProject9/Content/Mannequin/Character/Mesh/SK_Mannequin_Female_PhysicsAsset.uasset" 259
"C:/Users/Maksimov/Documents/Unreal Projects/MyProject9/Content/Mannequin/Character/Textures/T_Female_N.uasset" 260
"C:/Users/Maksimov/Documents/Unreal Projects/MyProject9/Content/Mannequin/Character/Textures/T_Female_Mask.uasset" 261
"C:/Users/Maksimov/Documents/Unreal Projects/MyProject9/Content/Mannequin/Character/Materials/MI_Female_Body.uasset" 262
"C:/Users/Maksimov/Documents/Unreal Projects/MyProject9/Content/Mannequin/Character/Mesh/SK_Mannequin_Female.uasset" 263
"C:/Users/Maksimov/Documents/Unreal Projects/MyProject9/Content/Meshes/exp_test.uasset" 264
"C:/Users/Maksimov/Documents/Unreal Projects/MyProject9/Content/TopDownBP/TopDownOverview.uasset" 265
"../../Plugins/FX/Niagara/Content/Enums/ENiagaraSphereDistributionMode.uasset" 266
"../../Plugins/FX/Niagara/Content/Enums/ENiagaraExpansionMode.uasset" 267
"../../Plugins/FX/Niagara/Content/Functions/RandomRangeInteger.uasset" 268
"../../Plugins/FX/Niagara/Content/Enums/ENiagara_SubUVLookupMode.uasset" 269
"../../Plugins/FX/Niagara/Content/Modules/Update/SubUV/V2/SubUVAnimation.uasset" 270
"../../Plugins/FX/Niagara/Content/Modules/Update/Material/DynamicMaterialParameters.uasset" 271
"../../Plugins/FX/Niagara/Content/Modules/Update/Color/Color.uasset" 272
"../../Plugins/FX/Niagara/Content/Functions/Math/RemapValueRange.uasset" 273
"../../Plugins/FX/Niagara/Content/Functions/Rotation/MultiplyVectorWithQuaternion.uasset" 274
"../../Plugins/FX/Niagara/Content/Functions/Rotation/FindQuatBetween.uasset" 275
"../../Plugins/FX/Niagara/Content/Functions/PolarToCartesianCoordinates.uasset" 276
"../../Plugins/FX/Niagara/Content/Functions/RandomVectorInCone.uasset" 277
"../../Plugins/FX/Niagara/Content/Modules/Spawn/Velocity/AddVelocityInCone.uasset" 278
"../../Plugins/FX/Niagara/Content/Modules/Spawn/Velocity/AddVelocity.uasset" 279
"../../Plugins/FX/Niagara/Content/Functions/V2/CalculateRandomPointInSphere.uasset" 280
"../../Plugins/FX/Niagara/Content/Functions/SphericalToCartesianCoordinates.uasset" 281
"../../Plugins/FX/Niagara/Content/Modules/Spawn/Location/V2/SphereLocation.uasset" 282
"../../Plugins/FX/Niagara/Content/Modules/Spawn/Initialization/InitializeRibbon.uasset" 283
"../../Plugins/FX/Niagara/Content/Modules/Ribbons/ScaleRibbonWidth.uasset" 284
"../../Plugins/FX/Niagara/Content/Modules/Emitter/SpawnRate.uasset" 285
"C:/Users/Maksimov/Documents/Unreal Projects/MyProject9/Content/Textures/T_Smoke_trail.uasset" 286
"C:/Users/Maksimov/Documents/Unreal Projects/MyProject9/Content/Materials/M_Smoke_panner.uasset" 287
"C:/Users/Maksimov/Documents/Unreal Projects/MyProject9/Content/Materials/M_Smoke_panner_Inst.uasset" 288
"C:/Users/Maksimov/Documents/Unreal Projects/MyProject9/Content/Textures/stars.uasset" 289
"C:/Users/Maksimov/Documents/Unreal Projects/MyProject9/Content/Materials/M_sparkles.uasset" 290
"C:/Users/Maksimov/Documents/Unreal Projects/MyProject9/Content/Assets/FX/Niagara_FX/FX_ProjectileTrail.uasset" 291
"C:/Users/Maksimov/Documents/Unreal Projects/MyProject9/Content/Meshes/Projectile.uasset" 292
"../../Plugins/FX/Niagara/Content/Functions/Rotation/AxisAngleToQuaternion.uasset" 293
"../../Plugins/FX/Niagara/Content/Functions/Rotation/MultiplyQuaternion.uasset" 294
"../../Plugins/FX/Niagara/Content/Modules/Solvers/ApplyRotationVector.uasset" 295
"../../Plugins/FX/Niagara/Content/Enums/ENiagaraMeshTransforms.uasset" 296
"../../Plugins/FX/Niagara/Content/Modules/Spawn/Orientation/V3/InitialMeshOrientation.uasset" 297
"C:/Users/Maksimov/Documents/Unreal Projects/MyProject9/Content/Textures/T_BlurNoise009.uasset" 298
"C:/Users/Maksimov/Documents/Unreal Projects/MyProject9/Content/Textures/Noise10.uasset" 299
"C:/Users/Maksimov/Documents/Unreal Projects/MyProject9/Content/Materials/M_Projectile_test.uasset" 300
"C:/Users/Maksimov/Documents/Unreal Projects/MyProject9/Content/Assets/FX/Niagara_FX/FX_Projectile.uasset" 301
"C:/Users/Maksimov/Documents/Unreal Projects/MyProject9/Content/Blueprint/Actors/Projectile.uasset" 302
"C:/Users/Maksimov/Documents/Unreal Projects/MyProject9/Content/Assets/Characters/Ethan/Animations/Ethan_Run.uasset" 303
"C:/Users/Maksimov/Documents/Unreal Projects/MyProject9/Content/Assets/Characters/Ethan/Animations/Ethan_Idle.uasset" 304
"C:/Users/Maksimov/Documents/Unreal Projects/MyProject9/Content/Assets/Characters/Ethan/Animations/Idle_Run.uasset" 305
"C:/Users/Maksimov/Documents/Unreal Projects/MyProject9/Content/Assets/Characters/Ethan/Animations/AnimBP_Ethan.uasset" 306
"C:/Users/Maksimov/Documents/Unreal Projects/MyProject9/Content/Assets/Characters/Ethan/Animations/Ethan_Attack_01.uasset" 307
"C:/Users/Maksimov/Documents/Unreal Projects/MyProject9/Content/Assets/Characters/Ethan/Animations/Attack_01.uasset" 308
"C:/Users/Maksimov/Documents/Unreal Projects/MyProject9/Content/Assets/Characters/Ethan/Animations/Attack_Last.uasset" 309
"C:/Users/Maksimov/Documents/Unreal Projects/MyProject9/Content/Assets/Characters/Ethan/Animations/Ethan_Attack_02.uasset" 310
"C:/Users/Maksimov/Documents/Unreal Projects/MyProject9/Content/Assets/Characters/Ethan/Animations/Attack_Second.uasset" 311
"C:/Users/Maksimov/Documents/Unreal Projects/MyProject9/Content/Assets/Characters/Ethan/Materials/MI_Shoes.uasset" 312
"C:/Users/Maksimov/Documents/Unreal Projects/MyProject9/Content/Assets/Characters/Ethan/Cuerpo_rig_PhysicsAsset.uasset" 313
"C:/Users/Maksimov/Documents/Unreal Projects/MyProject9/Content/Assets/Characters/Ethan/Materials/MI_Glasses.uasset" 314
"C:/Users/Maksimov/Documents/Unreal Projects/MyProject9/Content/Assets/Characters/Ethan/Materials/MI_Hands.uasset" 315
"C:/Users/Maksimov/Documents/Unreal Projects/MyProject9/Content/Assets/Characters/Ethan/Textures/outerwear.uasset" 316
"C:/Users/Maksimov/Documents/Unreal Projects/MyProject9/Content/Assets/Characters/Ethan/Materials/E_Outweare.uasset" 317
"C:/Users/Maksimov/Documents/Unreal Projects/MyProject9/Content/Assets/Characters/Ethan/Textures/a007c5a2e1f51c55.uasset" 318
"C:/Users/Maksimov/Documents/Unreal Projects/MyProject9/Content/Assets/Characters/Ethan/Materials/E_Backpack.uasset" 319
"C:/Users/Maksimov/Documents/Unreal Projects/MyProject9/Content/Assets/Characters/Ethan/Textures/ad558f3a645bad8d.uasset" 320
"C:/Users/Maksimov/Documents/Unreal Projects/MyProject9/Content/Assets/Characters/Ethan/Materials/E_Hair.uasset" 321
"C:/Users/Maksimov/Documents/Unreal Projects/MyProject9/Content/Assets/Characters/Ethan/Textures/2.uasset" 322
"C:/Users/Maksimov/Documents/Unreal Projects/MyProject9/Content/Assets/Characters/Ethan/Materials/E_Granade.uasset" 323
"C:/Users/Maksimov/Documents/Unreal Projects/MyProject9/Content/Assets/Characters/Ethan/Textures/jeans.uasset" 324
"C:/Users/Maksimov/Documents/Unreal Projects/MyProject9/Content/Assets/Characters/Ethan/Materials/E_Pants.uasset" 325
"C:/Users/Maksimov/Documents/Unreal Projects/MyProject9/Content/Assets/Characters/Ethan/Cuerpo_rig.uasset" 326
"C:/Users/Maksimov/Documents/Unreal Projects/MyProject9/Content/Assets/Characters/Ethan/Animations/Ethan_Roll.uasset" 327
"C:/Users/Maksimov/Documents/Unreal Projects/MyProject9/Content/Assets/Characters/Ethan/Animations/Dodge.uasset" 328
"C:/Users/Maksimov/Documents/Unreal Projects/MyProject9/Content/Blueprint/Pawns/Character/TopDownCharacter.uasset" 329
"C:/Users/Maksimov/Documents/Unreal Projects/MyProject9/Content/TopDownBP/Blueprints/TopDownCharacter.uasset" 330
"C:/Users/Maksimov/Documents/Unreal Projects/MyProject9/Content/Blueprint/Interface/BF_State.uasset" 331
"C:/Users/Maksimov/Documents/Unreal Projects/MyProject9/Content/Blueprint/Interface/BF_Interface.uasset" 332
"C:/Users/Maksimov/Documents/Unreal Projects/MyProject9/Content/Assets/Textures/MouseTmp.uasset" 333
"C:/Users/Maksimov/Documents/Unreal Projects/MyProject9/Content/Assets/Textures/MouseTmp_Mat.uasset" 334
"C:/Users/Maksimov/Documents/Unreal Projects/MyProject9/Content/Assets/Textures/MouseTmp_Mat_Inst.uasset" 335
"../../../Engine/Content/BasicShapes/Plane.uasset" 336
"C:/Users/Maksimov/Documents/Unreal Projects/MyProject9/Content/Blueprint/Controller/MouseController.uasset" 337
"C:/Users/Maksimov/Documents/Unreal Projects/MyProject9/Content/Blueprint/Controller/TopDownController.uasset" 338
"C:/Users/Maksimov/Documents/Unreal Projects/MyProject9/Content/Blueprint/Main/TopDownGameMode.uasset" 339
"C:/Users/Maksimov/Documents/Unreal Projects/MyProject9/Content/TopDownBP/Blueprints/TopDownGameMode.uasset" 340
"../../../Engine/Content/BasicShapes/BasicShapeMaterial.uasset" 341
"../../../Engine/Content/BasicShapes/Cube.uasset" 342
"C:/Users/Maksimov/Documents/Unreal Projects/MyProject9/Content/Town/Building/2_2_2.uasset" 343
"../../../Engine/Content/ArtTools/RenderToTexture/Meshes/S_1_Unit_Plane.uasset" 344
"../../../Engine/Content/EngineMaterials/DefaultMaterial.uasset" 345
"../../../Engine/Content/BasicShapes/Cone.uasset" 346
"../../../Engine/Content/EditorLandscapeResources/DataLayer.uasset" 347
"../../../Engine/Content/EditorLandscapeResources/DefaultAlphaTexture.uasset" 348
"../../../Engine/Content/EditorMaterials/MAT_Groups_Toggle.uasset" 349
"../../../Engine/Content/EditorMaterials/MAT_Groups_Visibility.uasset" 350
"../../../Engine/Content/EditorMaterials/PreviewShadowIndicator.uasset" 351
"../../../Engine/Content/EditorMaterials/PreviewShadowIndicatorMaterial.uasset" 352
"../../../Engine/Content/EditorMaterials/MatineeGroups/MAT_ColorTrack.uasset" 353
"../../../Engine/Content/EditorMaterials/MatineeGroups/MAT_Groups_Anim.uasset" 354
"../../../Engine/Content/EditorMaterials/MatineeGroups/MAT_Groups_AudioMaster.uasset" 355
"../../../Engine/Content/EditorMaterials/MatineeGroups/MAT_Groups_Director.uasset" 356
"../../../Engine/Content/EditorMaterials/MatineeGroups/MAT_Groups_Event.uasset" 357
"../../../Engine/Content/EditorMaterials/MatineeGroups/MAT_Groups_Fade.uasset" 358
"../../../Engine/Content/EditorMaterials/MatineeGroups/MAT_Groups_Float.uasset" 359
"../../../Engine/Content/EditorMaterials/MatineeGroups/MAT_Groups_Move.uasset" 360
"../../../Engine/Content/EditorMaterials/MatineeGroups/MAT_Groups_Slomo.uasset" 361
"../../../Engine/Content/EditorMaterials/MatineeGroups/MAT_Groups_Sound.uasset" 362
"../../../Engine/Content/EditorMaterials/MatineeGroups/MAT_Groups_Vector.uasset" 363
"../../../Engine/Content/EditorMaterials/ParticleSystems/PSysThumbnail_NoImage.uasset" 364
"../../../Engine/Content/EditorMaterials/ParticleSystems/PSysThumbnail_OOD.uasset" 365
"../../../Engine/Content/EditorMaterials/Camera/CineMat.uasset" 366
"../../../Engine/Content/EditorMaterials/Camera/MI_CineMat_Rig.uasset" 367
"../../../Engine/Content/EditorMeshes/Camera/SM_CraneRig_Arm.uasset" 368
"../../../Engine/Content/EditorMeshes/Camera/SM_CraneRig_Base.uasset" 369
"../../../Engine/Content/EditorMeshes/Camera/SM_CraneRig_Body.uasset" 370
"../../../Engine/Content/EditorMeshes/Camera/SM_CraneRig_Mount.uasset" 371
"../../../Engine/Content/EditorMeshes/Camera/SM_RailRig_Mount.uasset" 372
"../../../Engine/Content/EditorMeshes/Camera/SM_RailRig_Track.uasset" 373
"../../../Engine/Content/EditorResources/BSPVertex.uasset" 374
"../../../Engine/Content/EditorResources/EmptyActor.uasset" 375
"../../../Engine/Content/EditorResources/S_Actor.uasset" 376
"../../../Engine/Content/EditorResources/S_Note.uasset" 377
"../../../Engine/Content/EditorResources/S_Solver.uasset" 378
"../../../Engine/Content/EditorResources/S_Terrain.uasset" 379
"../../../Engine/Content/EditorResources/S_Trigger.uasset" 380
"../../../Engine/Content/EditorResources/LightIcons/S_LightError.uasset" 381
"../../../Engine/Content/EditorResources/SequenceRecorder/Countdown.uasset" 382
"../../../Engine/Content/EditorResources/SequenceRecorder/RecordingIndicator.uasset" 383
"../../../Engine/Content/EngineDamageTypes/DmgTypeBP_Environmental.uasset" 384
"../../../Engine/Content/EngineDebugMaterials/DebugEditorMaterial.uasset" 385
"../../../Engine/Content/EngineDebugMaterials/DebugMeshMaterial.uasset" 386
"../../../Engine/Content/EngineDebugMaterials/M_SimpleUnlitTranslucent.uasset" 387
"../../../Engine/Content/EngineDebugMaterials/VolumeToRender.uasset" 388
"../../../Engine/Content/Functions/Engine_MaterialFunctions02/Utility/CameraDirectionVector.uasset" 389
"../../../Engine/Content/EngineDebugMaterials/M_VolumeRenderSphereTracePP.uasset" 390
"../../../Engine/Content/Functions/Engine_MaterialFunctions01/Shading/ConvertFromDiffSpec.uasset" 391
"../../../Engine/Content/EngineDebugMaterials/VertexColorMaterial.uasset" 392
"../../../Engine/Content/EngineDebugMaterials/WireframeMaterial.uasset" 393
"../../../Engine/Content/EngineFonts/Faces/RobotoBoldItalic.uasset" 394
"../../../Engine/Content/EngineFonts/Faces/RobotoBold.uasset" 395
"../../../Engine/Content/EngineFonts/Faces/DroidSansFallback.uasset" 396
"../../../Engine/Content/EngineFonts/Faces/RobotoRegular.uasset" 397
"../../../Engine/Content/EngineFonts/Faces/RobotoLight.uasset" 398
"../../../Engine/Content/EngineFonts/Faces/RobotoItalic.uasset" 399
"../../../Engine/Content/EngineFonts/Roboto.uasset" 400
"../../../Engine/Content/EngineMaterials/BaseFlattenNormalMap.uasset" 401
"../../../Engine/Content/EngineMaterials/BaseFlattenGrayscaleMap.uasset" 402
"../../../Engine/Content/EngineMaterials/BaseFlattenEmissiveMap.uasset" 403
"../../../Engine/Content/EngineMaterials/BaseFlattenDiffuseMap.uasset" 404
"../../../Engine/Content/EngineMaterials/BaseFlattenMaterial.uasset" 405
"../../../Engine/Content/EngineMaterials/BlueNoise.uasset" 406
"../../../Engine/Content/EngineMaterials/DefaultBloomKernel.uasset" 407
"../../../Engine/Content/EngineMaterials/DefaultBokeh.uasset" 408
"../../../Engine/Content/EngineMaterials/DefaultDiffuse.uasset" 409
"../../../Engine/Content/EngineMaterials/DefaultDeferredDecalMaterial.uasset" 410
"../../../Engine/Content/EngineMaterials/DefaultLightFunctionMaterial.uasset" 411
"../../../Engine/Content/EngineMaterials/DefaultPhysicalMaterial.uasset" 412
"../../../Engine/Content/Functions/Engine_MaterialFunctions02/Utility/BreakOutFloat2Components.uasset" 413
"../../../Engine/Content/EngineMaterials/DefaultPostProcessMaterial.uasset" 414
"../../../Engine/Content/EngineFonts/RobotoDistanceField.uasset" 415
"../../../Engine/Content/EngineMaterials/DefaultTextMaterialOpaque.uasset" 416
"../../../Engine/Content/EngineMaterials/DefaultWhiteGrid.uasset" 417
"../../../Engine/Content/EngineMaterials/DefaultWhiteGrid_Low.uasset" 418
"../../../Engine/Content/EngineMaterials/EmissiveMeshMaterial.uasset" 419
"../../../Engine/Content/EngineMaterials/GizmoMaterial.uasset" 420
"../../../Engine/Content/EngineMaterials/Good64x64TilingNoiseHighFreq.uasset" 421
"../../../Engine/Content/EngineMaterials/MiniFont.uasset" 422
"../../../Engine/Content/EngineMaterials/InvalidLightmapSettings.uasset" 423
"../../../Engine/Content/EngineMaterials/M_InvalidLightmapSettings.uasset" 424
"../../../Engine/Content/Functions/Engine_MaterialFunctions02/WorldPositionOffset/CameraOffset.uasset" 425
"../../../Engine/Content/EngineMaterials/PhAT_JointLimitMaterial.uasset" 426
"../../../Engine/Content/EngineMaterials/PreintegratedSkinBRDF.uasset" 427
"../../../Engine/Content/EngineMaterials/RemoveSurfaceMaterial.uasset" 428
"../../../Engine/Content/EngineMaterials/WeightMapPlaceholderTexture.uasset" 429
"../../../Engine/Content/EngineResources/WhiteSquareTexture.uasset" 430
"../../../Engine/Content/EngineMaterials/Widget3DPassThrough.uasset" 431
"../../../Engine/Content/EngineMaterials/Widget3DPassThrough_Masked.uasset" 432
"../../../Engine/Content/EngineMaterials/Widget3DPassThrough_Opaque.uasset" 433
"../../../Engine/Content/EngineMaterials/Widget3DPassThrough_Masked_OneSided.uasset" 434
"../../../Engine/Content/EngineMaterials/Widget3DPassThrough_Opaque_OneSided.uasset" 435
"../../../Engine/Content/EngineMaterials/Widget3DPassThrough_Translucent.uasset" 436
"../../../Engine/Content/EngineMaterials/Widget3DPassThrough_Translucent_OneSided.uasset" 437
"../../../Engine/Content/EngineMeshes/Cube.uasset" 438
"../../../Engine/Content/EngineMeshes/Cylinder.uasset" 439
"../../../Engine/Content/EngineMeshes/Sphere.uasset" 440
"../../../Engine/Content/EngineResources/Black.uasset" 441
"../../../Engine/Content/EngineResources/DefaultTextureCube.uasset" 442
"../../../Engine/Content/EngineResources/DefaultVolumeTexture2D.uasset" 443
"../../../Engine/Content/EngineResources/DefaultVolumeTexture.uasset" 444
"../../../Engine/Content/EngineResources/GradientTexture0.uasset" 445
"../../../Engine/Content/EngineSky/VolumetricClouds/T_NoiseShape64.uasset" 446
"../../../Engine/Content/EngineSky/VolumetricClouds/T_VolumeNoiseShape64.uasset" 447
"../../../Engine/Content/EngineSky/VolumetricClouds/T_NoiseErosion.uasset" 448
"../../../Engine/Content/EngineSky/VolumetricClouds/T_VolumeNoiseErosion32.uasset" 449
"../../../Engine/Content/EngineSky/VolumetricClouds/CloudWeatherTexture.uasset" 450
"../../../Engine/Content/EngineSky/VolumetricClouds/CloudGradientTexture.uasset" 451
"../../../Engine/Content/Functions/Engine_MaterialFunctions02/Utility/MakeFloat2.uasset" 452
"../../../Engine/Content/EngineSky/VolumetricClouds/m_SimpleVolumetricCloud.uasset" 453
"../../../Engine/Content/EngineSky/VolumetricClouds/m_SimpleVolumetricCloud_Inst.uasset" 454
"../../../Engine/Content/EngineSounds/Master.uasset" 455
"../../../Engine/Content/Functions/Engine_MaterialFunctions01/Shading/PowerToRoughness.uasset" 456
"../../../Engine/Content/Maps/Templates/Thumbnails/Default.uasset" 457
"../../../Engine/Content/Maps/Templates/Thumbnails/TimeOfDay.uasset" 458
"../../../Engine/Content/Maps/Templates/Thumbnails/VR-Basic.uasset" 459
"../../../Engine/Content/MobileResources/T_MobileControls_texture.uasset" 460
"../../../Engine/Content/MobileResources/T_MobileMenu2.uasset" 461
"../../../Engine/Content/MobileResources/HUD/AnalogHat.uasset" 462
"../../../Engine/Content/MobileResources/HUD/VirtualJoystick_Thumb.uasset" 463
"../../../Engine/Content/MobileResources/HUD/VirtualJoystick_Background.uasset" 464
"../../../Engine/Content/MobileResources/HUD/DefaultVirtualJoysticks.uasset" 465
"../../../Engine/Content/MobileResources/HUD/LeftVirtualJoystickOnly.uasset" 466
"../../../Engine/Content/MobileResources/HUD/MobileHUDButton1_off.uasset" 467
"../../../Engine/Content/MobileResources/HUD/MobileHUDButton1_on.uasset" 468
"../../../Engine/Content/MobileResources/HUD/MobileHUDButton2_off.uasset" 469
"../../../Engine/Content/MobileResources/HUD/MobileHUDButton2_on.uasset" 470
"../../../Engine/Content/MobileResources/HUD/MobileHUDButton3.uasset" 471
"../../../Engine/Content/MobileResources/HUD/MobileHUDButtonFire.uasset" 472
"../../../Engine/Content/MobileResources/HUD/MobileHUDDirectionPad.uasset" 473
"../../../Engine/Content/MobileResources/HUD/MobileHUDDirectionPad2.uasset" 474
"../../../Engine/Content/MobileResources/HUD/MobileHUDDirectionPad3.uasset" 475
"../../../Engine/Content/MobileResources/HUD/MobileHUDDirectionStick.uasset" 476
"../../../Engine/Content/MobileResources/HUD/T_Castle_ThumbstickInner.uasset" 477
"../../../Engine/Content/MobileResources/HUD/T_Castle_ThumbstickOutter.uasset" 478
"../../../Engine/Content/Tutorial/ContentIntroCurve.uasset" 479
"../../../Engine/Content/Tutorial/Basics/LevelEditorAttract.uasset" 480
"../../../Engine/Content/Tutorial/Basics/TutorialAssets/icon_tab_Levels_40x.uasset" 481
"../../../Engine/Content/Tutorial/Basics/LevelEditorOverview.uasset" 482
"../../../Engine/Content/Tutorial/BlueprintTutorials/TutorialAssets/Blueprint_64x.uasset" 483
"../../../Engine/Content/Tutorial/BlueprintTutorials/BlueprintEditorTutorial.uasset" 484
"../../../Engine/Content/Tutorial/BlueprintTutorials/TutorialAssets/BlueprintInterface_64x.uasset" 485
"../../../Engine/Content/Tutorial/BlueprintTutorials/BlueprintInterfacesEditorOverview.uasset" 486
"../../../Engine/Content/Tutorial/BlueprintTutorials/LevelBlueprintEditorOverview.uasset" 487
"../../../Engine/Content/Tutorial/BlueprintTutorials/TutorialAssets/Tutorial_BP_Interface.uasset" 488
"../../../Engine/Content/Tutorial/Installation/InstallingVisualStudioTutorial.uasset" 489
"../../../Engine/Content/Tutorial/SubEditors/MaterialEditorTutorial.uasset" 490
"../../../Engine/Content/Tutorial/SubEditors/ParticleSystemEditorTutorial.uasset" 491
"../../../Engine/Content/Tutorial/SubEditors/StaticMeshEditorTutorial.uasset" 492
"../../../Engine/Content/Tutorial/SubEditors/TutorialAssets/TutorialMaterial.uasset" 493
"../../../Engine/Content/Tutorial/SubEditors/TutorialAssets/T_soft_smoke.uasset" 494
"../../../Engine/Content/Tutorial/SubEditors/TutorialAssets/T_SmokeSubUV_8X8.uasset" 495
"../../../Engine/Content/Tutorial/SubEditors/TutorialAssets/M_smoke_subUV_blackbody.uasset" 496
"../../../Engine/Content/Tutorial/SubEditors/TutorialAssets/TutorialParticleSystem.uasset" 497
"../../../Engine/Content/VREditor/TransformGizmo/TranslucentTransformGizmoMaterial.uasset" 498
"../../../Engine/Content/VREditor/LaserPointer/VR_LaserPower_01.uasset" 499
"../../../Engine/Content/VREditor/TransformGizmo/TransformGizmoMaterial.uasset" 500
"../../../Engine/Content/VREditor/TransformGizmo/BoundingBoxCorner.uasset" 501
"../../../Engine/Content/VREditor/TransformGizmo/BoundingBoxEdge.uasset" 502
"../../../Engine/Content/VREditor/TransformGizmo/PlaneTranslationHandle.uasset" 503
"../../../Engine/Content/VREditor/TransformGizmo/Xray.uasset" 504
"../../../Engine/Content/VREditor/TransformGizmo/Main.uasset" 505
"../../../Engine/Content/VREditor/TransformGizmo/SM_Sequencer_Key.uasset" 506
"../../../Engine/Content/VREditor/TransformGizmo/SM_Sequencer_Node.uasset" 507
"../../Plugins/2D/Paper2D/Content/PlaceholderTextures/DummySpriteTexture.uasset" 508
"../../Plugins/2D/Paper2D/Content/DummySprite.uasset" 509
"../../Plugins/2D/Paper2D/Content/DefaultPaperTerrainMaterial.uasset" 510
"../../Plugins/2D/Paper2D/Content/DefaultSpriteMaterial.uasset" 511
"../../Plugins/2D/Paper2D/Content/MaskedUnlitSpriteMaterial.uasset" 512
"../../Plugins/2D/Paper2D/Content/OpaqueUnlitSpriteMaterial.uasset" 513
"../../../Engine/Content/Functions/Engine_MaterialFunctions02/Utility/BreakOutFloat3Components.uasset" 514
"../../Plugins/Editor/SpeedTreeImporter/Content/SpeedTree9/UnpackInteger3.uasset" 515
"../../Plugins/Editor/SpeedTreeImporter/Content/SpeedTree9/UnpackDirection.uasset" 516
"../../Plugins/Editor/SpeedTreeImporter/Content/SpeedTree9/game_wind_noise.uasset" 517
"../../../Engine/Content/Functions/Engine_MaterialFunctions02/SafeNormalize.uasset" 518
"../../Plugins/Editor/SpeedTreeImporter/Content/SpeedTree9/SpeedTreeWindMotion.uasset" 519
"../../Plugins/Editor/SpeedTreeImporter/Content/SpeedTree9/SpeedTreeBranchMotion.uasset" 520
"../../../Engine/Content/Functions/Engine_MaterialFunctions02/ObjectLocalBounds.uasset" 521
"../../../Engine/Content/Functions/Engine_MaterialFunctions02/UVs/BoundingBoxBased_0-1_UVW.uasset" 522
"../../Plugins/Editor/SpeedTreeImporter/Content/SpeedTree9/SpeedTreeWind.uasset" 523
"../../Plugins/Editor/SpeedTreeImporter/Content/SpeedTree9/SpeedTreeBillboard.uasset" 524
"../../../Engine/Content/EngineResources/DefaultTexture.uasset" 525
"../../Plugins/Editor/SpeedTreeImporter/Content/SpeedTree9/SpeedTreeBillboardMaster.uasset" 526
"../../Plugins/Editor/SpeedTreeImporter/Content/SpeedTree9/SpeedTreeCameraFacing.uasset" 527
"../../Plugins/Editor/SpeedTreeImporter/Content/SpeedTree9/SpeedTreeMaster.uasset" 528
"../../../Engine/Content/ArtTools/RenderToTexture/Materials/Debug/M_Emissive_Color.uasset" 529
"../../../Engine/Content/BasicShapes/Cylinder.uasset" 530
"../../Plugins/Lumin/MagicLeapPassableWorld/Content/MagicLeapARPinInfoActor.uasset" 531
"../../../Engine/Content/Functions/Engine_MaterialFunctions02/Utility/BreakOutFloat4Components.uasset" 532
"../../../Engine/Content/Functions/Engine_MaterialFunctions02/Utility/MakeFloat3.uasset" 533
"../../Plugins/Runtime/Oculus/OculusVR/Content/Materials/OculusMR_ChromaKey.uasset" 534
"../../Plugins/Runtime/Oculus/OculusVR/Content/Materials/OculusMR_OpaqueColoredMaterial.uasset" 535
"../../Plugins/Runtime/Oculus/OculusVR/Content/Materials/PokeAHoleMaterial.uasset" 536
"C:/Users/Maksimov/Documents/Unreal Projects/MyProject9/Content/Assets/Models/Stair.uasset" 537
"C:/Users/Maksimov/Documents/Unreal Projects/MyProject9/Content/Assets/Models/School/Floor.uasset" 538
"C:/Users/Maksimov/Documents/Unreal Projects/MyProject9/Content/Assets/Textures/locker_DefaultMaterial_BaseColor.uasset" 539
"C:/Users/Maksimov/Documents/Unreal Projects/MyProject9/Content/Assets/Materials/MI_Locker.uasset" 540
"C:/Users/Maksimov/Documents/Unreal Projects/MyProject9/Content/Assets/Models/locker.uasset" 541
"C:/Users/Maksimov/Documents/Unreal Projects/MyProject9/Content/Assets/Models/Globus.uasset" 542
"C:/Users/Maksimov/Documents/Unreal Projects/MyProject9/Content/Assets/Textures/Door_DefaultMaterial_BaseColor.uasset" 543
"C:/Users/Maksimov/Documents/Unreal Projects/MyProject9/Content/Assets/Materials/MI_Door.uasset" 544
"C:/Users/Maksimov/Documents/Unreal Projects/MyProject9/Content/Assets/Models/Door.uasset" 545
"../../../Engine/Content/EngineResources/GrayDarkTextureCube.uasset" 546
"C:/Users/Maksimov/Documents/Unreal Projects/MyProject9/Content/Assets/Materials/MM_CharacterColor_Inst1.uasset" 547
"C:/Users/Maksimov/Documents/Unreal Projects/MyProject9/Content/Assets/Materials/MM_CharacterColor_Inst.uasset" 548
"C:/Users/Maksimov/Documents/Unreal Projects/MyProject9/Content/Assets/Textures/Tile.uasset" 549
"C:/Users/Maksimov/Documents/Unreal Projects/MyProject9/Content/Assets/Materials/Functions/MF_Random2.uasset" 550
"C:/Users/Maksimov/Documents/Unreal Projects/MyProject9/Content/Assets/Materials/Master/MM_Floor.uasset" 551
"C:/Users/Maksimov/Documents/Unreal Projects/MyProject9/Content/Assets/Materials/MI_Floor.uasset" 552
"C:/Users/Maksimov/Documents/Unreal Projects/MyProject9/Content/Maps/Level_01_BuiltData.uasset" 553
"C:/Users/Maksimov/Documents/Unreal Projects/MyProject9/Content/Blueprint/Actors/Actor_AfterDeath.uasset" 554
"C:/Users/Maksimov/Documents/Unreal Projects/MyProject9/Content/Assets/Characters/Gnom/Destraction/DestractMesh_DM_05.uasset" 555
"C:/Users/Maksimov/Documents/Unreal Projects/MyProject9/Content/Assets/Characters/Gnom/Destraction/DestractMesh_DM_04.uasset" 556
"C:/Users/Maksimov/Documents/Unreal Projects/MyProject9/Content/Assets/Characters/Gnom/Destraction/DestractMesh_DM_03.uasset" 557
"C:/Users/Maksimov/Documents/Unreal Projects/MyProject9/Content/Assets/Characters/Gnom/Destraction/DestractMesh_DM_02.uasset" 558
"C:/Users/Maksimov/Documents/Unreal Projects/MyProject9/Content/Blueprint/Actors/Actor_AfterDeath_Dismember.uasset" 559
"C:/Users/Maksimov/Documents/Unreal Projects/MyProject9/Content/TopDownBP/Blueprints/AI_State.uasset" 560
"C:/Users/Maksimov/Documents/Unreal Projects/MyProject9/Content/Assets/Characters/Gnom/Gnom__1__Skeleton.uasset" 561
"C:/Users/Maksimov/Documents/Unreal Projects/MyProject9/Content/Assets/Characters/Gnom/Animations/Gnom_Run.uasset" 562
"C:/Users/Maksimov/Documents/Unreal Projects/MyProject9/Content/Assets/Characters/Gnom/Animations/Gnom_Idle.uasset" 563
"C:/Users/Maksimov/Documents/Unreal Projects/MyProject9/Content/Assets/Characters/Gnom/Animations/G_Idle_Run.uasset" 564
"C:/Users/Maksimov/Documents/Unreal Projects/MyProject9/Content/Assets/Characters/Gnom/Animations/Anim_BP_Gnom.uasset" 565
"C:/Users/Maksimov/Documents/Unreal Projects/MyProject9/Content/Assets/Characters/Gnom/Gnom__1__PhysicsAsset.uasset" 566
"C:/Users/Maksimov/Documents/Unreal Projects/MyProject9/Content/Assets/Characters/Gnom/Gnom__1_.uasset" 567
"C:/Users/Maksimov/Documents/Unreal Projects/MyProject9/Content/TopDownBP/Blueprints/Master_AI.uasset" 568
"C:/Users/Maksimov/Documents/Unreal Projects/MyProject9/Content/Maps/Level_01.umap" 569
"../../../Engine/Content/EngineSky/T_Sky_Stars.uasset" 570
"../../../Engine/Content/EngineSky/T_Sky_Clouds_M.uasset" 571
"../../../Engine/Content/EngineSky/T_Sky_Blue.uasset" 572
"../../../Engine/Content/EngineSky/M_Sky_Panning_Clouds2.uasset" 573
"C:/Users/Maksimov/Documents/Unreal Projects/MyProject9/Content/Maps/TestLevel_BuiltData.uasset" 574
"C:/Users/Maksimov/Documents/Unreal Projects/MyProject9/Content/TopDownBP/Blueprints/AI_jump.uasset" 575
"../../../Engine/Content/EngineSky/SM_SkySphere.uasset" 576
"../../../Engine/Content/EngineSky/C_Sky_Zenith_Color.uasset" 577
"../../../Engine/Content/EngineSky/C_Sky_Horizon_Color.uasset" 578
"../../../Engine/Content/EngineSky/C_Sky_Cloud_Color.uasset" 579
"../../../Engine/Content/EngineSky/BP_Sky_Sphere.uasset" 580
"C:/Users/Maksimov/Documents/Unreal Projects/MyProject9/Content/Maps/TestLevel.umap" 581
"C:/Users/Maksimov/Documents/Unreal Projects/MyProject9/Content/GoodSky/Source/UI/WB_GoodSky_Menu.uasset" 582
"C:/Users/Maksimov/Documents/Unreal Projects/MyProject9/Content/GoodSky/Source/Textures/T_GoodSky_clouds_D.uasset" 583
"C:/Users/Maksimov/Documents/Unreal Projects/MyProject9/Content/GoodSky/Source/Textures/T_GoodSky_clouds_A.uasset" 584
"C:/Users/Maksimov/Documents/Unreal Projects/MyProject9/Content/GoodSky/Source/Data/Enum/Enum_GoodSky_Style_Clouds.uasset" 585
"C:/Users/Maksimov/Documents/Unreal Projects/MyProject9/Content/GoodSky/Source/Data/Enum/Enum_GoodSky_MeshType.uasset" 586
"C:/Users/Maksimov/Documents/Unreal Projects/MyProject9/Content/GoodSky/Source/Data/Enum/Enum_GoodSky_Clouds_Coverage.uasset" 587
"C:/Users/Maksimov/Documents/Unreal Projects/MyProject9/Content/GoodSky/Source/Materials/Material_Function/MF_GoodSky_Top_part_alpha.uasset" 588
"C:/Users/Maksimov/Documents/Unreal Projects/MyProject9/Content/GoodSky/Source/Materials/Material_Function/MF_GoodSky_Time.uasset" 589
"C:/Users/Maksimov/Documents/Unreal Projects/MyProject9/Content/GoodSky/Source/Materials/Material_Function/MF_GoodSky_SkyDomeAlpha.uasset" 590
"C:/Users/Maksimov/Documents/Unreal Projects/MyProject9/Content/GoodSky/Source/Materials/Material_Function/MF_GoodSky_Global_Setting.uasset" 591
"C:/Users/Maksimov/Documents/Unreal Projects/MyProject9/Content/GoodSky/Source/Textures/T_GoodSky_clouds_sphere.uasset" 592
"C:/Users/Maksimov/Documents/Unreal Projects/MyProject9/Content/GoodSky/Source/Textures/T_GoodSky_clouds_B.uasset" 593
"C:/Users/Maksimov/Documents/Unreal Projects/MyProject9/Content/GoodSky/Source/Materials/Material_Function/MF_GoodSky_Clouds_Setting.uasset" 594
"C:/Users/Maksimov/Documents/Unreal Projects/MyProject9/Content/GoodSky/Source/Textures/T_GoodSky_clouds_F.uasset" 595
"C:/Users/Maksimov/Documents/Unreal Projects/MyProject9/Content/GoodSky/Source/Textures/T_GoodSky_Stars.uasset" 596
"C:/Users/Maksimov/Documents/Unreal Projects/MyProject9/Content/GoodSky/Source/Materials/M_GoodSky_Sun_Stars.uasset" 597
"C:/Users/Maksimov/Documents/Unreal Projects/MyProject9/Content/GoodSky/Source/Data/Enum/Enum_GoodSky_Preset.uasset" 598
"C:/Users/Maksimov/Documents/Unreal Projects/MyProject9/Content/GoodSky/Source/Textures/T_GoodSky_clouds_E.uasset" 599
"C:/Users/Maksimov/Documents/Unreal Projects/MyProject9/Content/GoodSky/Source/Textures/T_GoodSky_clouds_C.uasset" 600
"C:/Users/Maksimov/Documents/Unreal Projects/MyProject9/Content/GoodSky/Source/Materials/M_GoodSky_Base.uasset" 601
"C:/Users/Maksimov/Documents/Unreal Projects/MyProject9/Content/GoodSky/Source/Mesh/SM_GoodSky_Sphere.uasset" 602
"C:/Users/Maksimov/Documents/Unreal Projects/MyProject9/Content/GoodSky/Source/Mesh/SM_GoodSky_Hemisphere.uasset" 603
"C:/Users/Maksimov/Documents/Unreal Projects/MyProject9/Content/GoodSky/Source/Data/Structure/Structure_GoodSky.uasset" 604
"C:/Users/Maksimov/Documents/Unreal Projects/MyProject9/Content/GoodSky/Source/Data/Enum/Enum_GoodSky_Effects.uasset" 605
"C:/Users/Maksimov/Documents/Unreal Projects/MyProject9/Content/GoodSky/Source/ArrowTool/M_GoodSky_Sun_Emissive.uasset" 606
"C:/Users/Maksimov/Documents/Unreal Projects/MyProject9/Content/GoodSky/Source/ArrowTool/SM_GoodSky_StarMesh.uasset" 607
"../../../Engine/Content/BasicShapes/Sphere.uasset" 608
"C:/Users/Maksimov/Documents/Unreal Projects/MyProject9/Content/GoodSky/Source/Textures/T_GoodSky_Moon.uasset" 609
"../../../Engine/Content/Functions/Engine_MaterialFunctions01/Texturing/ScaleUVsAroundPoint.uasset" 610
"C:/Users/Maksimov/Documents/Unreal Projects/MyProject9/Content/GoodSky/Source/Materials/Material_Function/MF_GoodSky_Moon_Setting.uasset" 611
"C:/Users/Maksimov/Documents/Unreal Projects/MyProject9/Content/GoodSky/Source/Materials/M_GoodSky_Sun_Stars_Moon.uasset" 612
"../../../Engine/Content/Functions/Engine_MaterialFunctions01/Texturing/TextureCropping.uasset" 613
"../../../Engine/Content/Functions/Engine_MaterialFunctions01/Texturing/ComputeMipLevel.uasset" 614
"../../../Engine/Content/Functions/Engine_MaterialFunctions01/ImageAdjustment/DeriveHDRfromLDR.uasset" 615
"C:/Users/Maksimov/Documents/Unreal Projects/MyProject9/Content/GoodSky/Source/Textures/T_GoodSky_Lightning.uasset" 616
"../../../Engine/Content/Functions/Engine_MaterialFunctions02/ExampleContent/Textures/DebugNumberPeriod.uasset" 617
"../../../Engine/Content/Functions/Engine_MaterialFunctions02/ExampleContent/DebugNumberStrip.uasset" 618
"../../../Engine/Content/Functions/Engine_MaterialFunctions02/Utility/DebugScalarValues.uasset" 619
"../../../Engine/Content/Functions/Engine_MaterialFunctions02/Utility/DebugFloat3Values.uasset" 620
"../../../Engine/Content/Functions/Engine_MaterialFunctions02/Math/RGBtoHSV.uasset" 621
"C:/Users/Maksimov/Documents/Unreal Projects/MyProject9/Content/GoodSky/Source/Materials/M_GoodSky_Storm.uasset" 622
"C:/Users/Maksimov/Documents/Unreal Projects/MyProject9/Content/GoodSky/Source/Materials/M_GoodSky_Moon.uasset" 623
"C:/Users/Maksimov/Documents/Unreal Projects/MyProject9/Content/GoodSky/Source/ArrowTool/T_GoodSky_SkyRing.uasset" 624
"C:/Users/Maksimov/Documents/Unreal Projects/MyProject9/Content/GoodSky/Source/ArrowTool/M_GoodSky_SkyRing_.uasset" 625
"C:/Users/Maksimov/Documents/Unreal Projects/MyProject9/Content/GoodSky/Source/Data/DataTable/DataTable_GoodSky.uasset" 626
"C:/Users/Maksimov/Documents/Unreal Projects/MyProject9/Content/GoodSky/Source/Data/Curve/Curve_GoodSky_SunDirection_Vector1.uasset" 627
"C:/Users/Maksimov/Documents/Unreal Projects/MyProject9/Content/GoodSky/Source/Data/Curve/Curve_GoodSky_SunDirection_Vector.uasset" 628
"C:/Users/Maksimov/Documents/Unreal Projects/MyProject9/Content/GoodSky/Source/Data/Curve/Curve_GoodSky_horizon_Color.uasset" 629
"C:/Users/Maksimov/Documents/Unreal Projects/MyProject9/Content/GoodSky/Source/Data/Curve/Curve_GoodSky_DomeColor.uasset" 630
"C:/Users/Maksimov/Documents/Unreal Projects/MyProject9/Content/GoodSky/Source/Data/Curve/Curve_GoodSky_BaseCloudColor.uasset" 631
"C:/Users/Maksimov/Documents/Unreal Projects/MyProject9/Content/GoodSky/Source/Data/Curve/Curve_GoodSky_AllOverlayColor.uasset" 632
"C:/Users/Maksimov/Documents/Unreal Projects/MyProject9/Content/GoodSky/Source/Data/Curve/Curve_GoodSky_SunLight.uasset" 633
"C:/Users/Maksimov/Documents/Unreal Projects/MyProject9/Content/GoodSky/Source/Data/Curve/Curve_GoodSky_Stars.uasset" 634
"C:/Users/Maksimov/Documents/Unreal Projects/MyProject9/Content/GoodSky/Blueprint/BP_GoodSky.uasset" 635
"C:/Users/Maksimov/Documents/Unreal Projects/MyProject9/Content/GoodSky/Maps/Level_GoodSky_Showcase.umap" 636
"C:/Users/Maksimov/Documents/Unreal Projects/MyProject9/Content/TopDownBP/Maps/TopDownExampleMap_BuiltData.uasset" 637
"C:/Users/Maksimov/Documents/Unreal Projects/MyProject9/Content/Geometry/Meshes/1M_Cube_Chamfer.uasset" 638
"C:/Users/Maksimov/Documents/Unreal Projects/MyProject9/Content/Geometry/Meshes/1M_Cube.uasset" 639
"C:/Users/Maksimov/Documents/Unreal Projects/MyProject9/Content/TopDownBP/Maps/TopDownExampleMap.umap" 640
"../../../Engine/Content/Maps/Entry_BuiltData.uasset" 641
"../../../Engine/Content/Maps/Entry.umap" 642
